<?xml version="1.0" encoding="UTF-8"?>
<!-- Generated by org.testng.reporters.JUnitReportReporter -->
<testsuite skipped="0" hostname="DISHANT-VAIO" name="com.ProjectOne.ProjectOne.OneTest" tests="1" failures="0" timestamp="18 Jan 2020 06:13:32 GMT" time="5.612" errors="0">
  <testcase name="TestCase1" time="5.612" classname="com.ProjectOne.ProjectOne.OneTest"/>
</testsuite> <!-- com.ProjectOne.ProjectOne.OneTest -->
